<?xml version="1.0" encoding="UTF-8"?>
<!-- Generated by org.testng.reporters.JUnitReportReporter -->
<testsuite skipped="0" hostname="Student" name="com.inetbanking.testCases.TC_Login_001" tests="1" failures="0" timestamp="25 Aug 2019 16:59:39 GMT" time="11.032" errors="0">
  <testcase name="loginTest" time="11.032" classname="com.inetbanking.testCases.TC_Login_001"/>
</testsuite> <!-- com.inetbanking.testCases.TC_Login_001 -->
